2025-09-11 06:42:34,419 - src.nlp.model_handler - INFO - Pattern-based model handler initialized
2025-09-11 06:42:34,485 - __main__ - ERROR - Failed to start application: name 'QDateTime' is not defined
2025-09-11 06:47:03,147 - src.nlp.model_handler - INFO - Pattern-based model handler initialized
2025-09-11 06:47:04,709 - __main__ - INFO - Desktop AI Assistant started successfully
2025-09-11 06:47:24,157 - src.nlp.intent_parser - INFO - Parsed command: {'intent': 'take_screenshot', 'confidence': 0.8, 'parameters': {}, 'original_text': 'Take screenshot'}
2025-09-11 06:47:24,157 - src.executor.action_executor - INFO - Executing intent: take_screenshot with params: {}
2025-09-11 06:48:00,252 - src.gui.main_window - INFO - Application closing
2025-09-11 07:36:51,691 - src.nlp.model_handler - INFO - Pattern-based model handler initialized
2025-09-11 07:36:51,930 - comtypes.client._code_cache - INFO - Could not import comtypes.gen, trying to create it.
2025-09-11 07:36:51,931 - comtypes.client._code_cache - INFO - Created comtypes.gen directory: 'C:\Users\CALEB ASSAN\Documents\assistant\venv\Lib\site-packages\comtypes\gen'
2025-09-11 07:36:51,932 - comtypes.client._code_cache - INFO - Writing __init__.py file: 'C:\Users\CALEB ASSAN\Documents\assistant\venv\Lib\site-packages\comtypes\gen\__init__.py'
2025-09-11 07:36:51,935 - comtypes.client._code_cache - INFO - Using writeable comtypes cache directory: 'C:\Users\CALEB ASSAN\Documents\assistant\venv\Lib\site-packages\comtypes\gen'
2025-09-11 07:36:52,129 - comtypes.client._generate - INFO - Could not import comtypes.gen._C866CA3A_32F7_11D2_9602_00C04F8EE628_0_5_4: No module named 'comtypes.gen._C866CA3A_32F7_11D2_9602_00C04F8EE628_0_5_4'
2025-09-11 07:36:52,135 - comtypes.client._generate - INFO - # Generating comtypes.gen._C866CA3A_32F7_11D2_9602_00C04F8EE628_0_5_4
2025-09-11 07:36:52,386 - comtypes.client._generate - INFO - # Generating comtypes.gen.SpeechLib
2025-09-11 07:36:52,402 - comtypes.client._generate - INFO - Could not import comtypes.gen._00020430_0000_0000_C000_000000000046_0_2_0: No module named 'comtypes.gen._00020430_0000_0000_C000_000000000046_0_2_0'
2025-09-11 07:36:52,404 - comtypes.client._generate - INFO - # Generating comtypes.gen._00020430_0000_0000_C000_000000000046_0_2_0
2025-09-11 07:36:52,435 - comtypes.client._generate - INFO - # Generating comtypes.gen.stdole
2025-09-11 07:36:53,314 - src.voice.voice_manager - INFO - Adjusting for ambient noise...
2025-09-11 07:36:54,873 - src.voice.voice_manager - INFO - Voice manager initialized
2025-09-11 07:36:55,749 - __main__ - INFO - Desktop AI Assistant with Voice started successfully
2025-09-11 07:37:03,837 - src.voice.voice_manager - INFO - Listening...
2025-09-11 07:37:09,271 - src.voice.voice_manager - INFO - Processing speech...
2025-09-11 07:37:10,891 - src.voice.voice_manager - WARNING - Could not understand audio
2025-09-11 07:37:13,060 - src.voice.voice_manager - INFO - Listening...
2025-09-11 07:37:15,484 - src.voice.voice_manager - INFO - Processing speech...
2025-09-11 07:37:18,271 - src.voice.voice_manager - WARNING - Could not understand audio
2025-09-11 07:37:20,439 - src.voice.voice_manager - INFO - Listening...
2025-09-11 07:37:25,502 - src.voice.voice_manager - INFO - Processing speech...
2025-09-11 07:37:26,951 - src.voice.voice_manager - WARNING - Could not understand audio
2025-09-11 07:37:29,129 - src.voice.voice_manager - INFO - Listening...
2025-09-11 07:37:33,227 - src.voice.voice_manager - INFO - Processing speech...
2025-09-11 07:37:34,466 - src.voice.voice_manager - WARNING - Could not understand audio
2025-09-11 07:37:50,948 - src.gui.main_window - INFO - Application closing
2025-09-11 08:10:52,155 - src.nlp.model_handler - INFO - Pattern-based model handler initialized
2025-09-11 08:10:52,321 - comtypes.client._code_cache - INFO - Imported existing <module 'comtypes.gen' from 'C:\\Users\\CALEB ASSAN\\Documents\\assistant\\venv\\Lib\\site-packages\\comtypes\\gen\\__init__.py'>
2025-09-11 08:10:52,322 - comtypes.client._code_cache - INFO - Using writeable comtypes cache directory: 'C:\Users\CALEB ASSAN\Documents\assistant\venv\Lib\site-packages\comtypes\gen'
2025-09-11 08:10:52,551 - src.voice.voice_manager - INFO - Adjusting for ambient noise...
2025-09-11 08:10:53,756 - src.voice.voice_manager - INFO - Voice manager initialized
2025-09-11 08:10:54,520 - __main__ - INFO - Desktop AI Assistant with Voice started successfully
2025-09-11 08:11:11,521 - src.nlp.intent_parser - INFO - Parsed command: {'intent': 'unknown', 'confidence': 0.0, 'parameters': {}, 'original_text': 'call'}
2025-09-11 08:11:11,522 - src.executor.action_executor - INFO - Executing intent: unknown with params: {}
2025-09-11 08:11:22,835 - src.gui.main_window - INFO - Application closing
2025-09-11 08:51:51,404 - src.nlp.model_handler - INFO - Pattern-based model handler initialized
2025-09-11 08:51:51,542 - comtypes.client._code_cache - INFO - Imported existing <module 'comtypes.gen' from 'C:\\Users\\CALEB ASSAN\\Documents\\assistant\\venv\\Lib\\site-packages\\comtypes\\gen\\__init__.py'>
2025-09-11 08:51:51,542 - comtypes.client._code_cache - INFO - Using writeable comtypes cache directory: 'C:\Users\CALEB ASSAN\Documents\assistant\venv\Lib\site-packages\comtypes\gen'
2025-09-11 08:51:51,755 - src.voice.voice_manager - INFO - Adjusting for ambient noise...
2025-09-11 08:51:52,942 - src.voice.voice_manager - INFO - Voice manager initialized
2025-09-11 08:51:53,484 - __main__ - INFO - Desktop AI Assistant with Voice started successfully
2025-09-11 08:52:03,822 - src.nlp.intent_parser - INFO - Parsed command: {'intent': 'unknown', 'confidence': 0.0, 'parameters': {}, 'original_text': 'send email'}
2025-09-11 08:52:03,823 - src.executor.action_executor - INFO - Executing intent: unknown with params: {}
2025-09-11 08:52:57,932 - src.gui.main_window - INFO - Application closing
2025-09-12 08:27:48,010 - __main__ - ERROR - Failed to start application: name 'true' is not defined
2025-09-12 09:50:06,971 - src.nlp.model_handler - INFO - Pattern-based model handler initialized
2025-09-12 09:50:07,216 - comtypes.client._code_cache - INFO - Imported existing <module 'comtypes.gen' from 'C:\\Users\\CALEB ASSAN\\Documents\\assistant\\venv\\Lib\\site-packages\\comtypes\\gen\\__init__.py'>
2025-09-12 09:50:07,217 - comtypes.client._code_cache - INFO - Using writeable comtypes cache directory: 'C:\Users\CALEB ASSAN\Documents\assistant\venv\Lib\site-packages\comtypes\gen'
2025-09-12 09:50:07,636 - src.voice.voice_manager - INFO - Adjusting for ambient noise...
2025-09-12 09:50:08,912 - src.voice.voice_manager - INFO - Voice manager initialized
2025-09-12 09:50:10,402 - __main__ - INFO - Desktop AI Assistant with Voice started successfully
2025-09-12 09:50:46,133 - src.gui.main_window - INFO - Application closing
2025-09-15 10:30:16,995 - src.utils.config - INFO - Configuration loaded from C:\Users\CALEB ASSAN\Documents\assistant\config.json
2025-09-15 10:30:17,107 - src.nlp.model_handler - INFO - Pattern-based model handler initialized
2025-09-15 10:30:17,454 - comtypes.client._code_cache - INFO - Imported existing <module 'comtypes.gen' from 'C:\\Users\\CALEB ASSAN\\Documents\\assistant\\venv\\Lib\\site-packages\\comtypes\\gen\\__init__.py'>
2025-09-15 10:30:17,455 - comtypes.client._code_cache - INFO - Using writeable comtypes cache directory: 'C:\Users\CALEB ASSAN\Documents\assistant\venv\Lib\site-packages\comtypes\gen'
2025-09-15 10:30:18,043 - src.voice.voice_manager - INFO - Adjusting for ambient noise...
2025-09-15 10:30:19,494 - src.voice.voice_manager - INFO - Voice manager initialized
2025-09-15 10:30:21,086 - __main__ - INFO - Desktop AI Assistant with Voice started successfully
2025-09-15 10:30:25,887 - src.voice.voice_manager - INFO - Listening...
2025-09-15 10:30:31,771 - src.voice.voice_manager - INFO - Processing speech...
2025-09-15 10:30:33,270 - src.voice.voice_manager - WARNING - Could not understand audio
2025-09-15 10:30:35,412 - src.voice.voice_manager - INFO - Listening...
2025-09-15 10:30:38,117 - src.voice.voice_manager - INFO - Processing speech...
2025-09-15 10:30:38,863 - src.voice.voice_manager - INFO - Recognized: open do
2025-09-15 10:30:39,027 - src.nlp.intent_parser - INFO - Parsed command: {'intent': 'open_application', 'confidence': 0.8, 'parameters': {'application': 'do'}, 'original_text': 'open do'}
2025-09-15 10:30:39,028 - src.executor.action_executor - INFO - Executing intent: open_application with params: {'application': 'do'}
2025-09-15 10:30:41,168 - src.voice.voice_manager - INFO - Listening...
2025-09-15 10:30:46,213 - src.voice.voice_manager - WARNING - Listening timeout
2025-09-15 10:30:48,365 - src.voice.voice_manager - INFO - Listening...
2025-09-15 10:30:52,498 - src.voice.voice_manager - INFO - Processing speech...
2025-09-15 10:30:57,446 - src.voice.voice_manager - INFO - Recognized: open document
2025-09-15 10:30:57,448 - src.nlp.intent_parser - INFO - Parsed command: {'intent': 'open_application', 'confidence': 0.8, 'parameters': {'application': 'document'}, 'original_text': 'open document'}
2025-09-15 10:30:57,450 - src.executor.action_executor - INFO - Executing intent: open_application with params: {'application': 'document'}
2025-09-15 10:30:59,598 - src.voice.voice_manager - INFO - Listening...
2025-09-15 10:31:02,488 - src.gui.main_window - INFO - Application closing
2025-09-15 10:42:01,766 - src.utils.config - INFO - Configuration loaded from C:\Users\CALEB ASSAN\Documents\assistant\config.json
2025-09-15 10:42:01,778 - src.nlp.model_handler - INFO - Pattern-based model handler initialized
2025-09-15 10:42:01,937 - comtypes.client._code_cache - INFO - Imported existing <module 'comtypes.gen' from 'C:\\Users\\CALEB ASSAN\\Documents\\assistant\\venv\\Lib\\site-packages\\comtypes\\gen\\__init__.py'>
2025-09-15 10:42:01,938 - comtypes.client._code_cache - INFO - Using writeable comtypes cache directory: 'C:\Users\CALEB ASSAN\Documents\assistant\venv\Lib\site-packages\comtypes\gen'
2025-09-15 10:42:02,197 - src.voice.voice_manager - INFO - Adjusting for ambient noise...
2025-09-15 10:42:03,420 - src.voice.voice_manager - INFO - Voice manager initialized
2025-09-15 10:42:04,209 - __main__ - INFO - Desktop AI Assistant with Voice started successfully
2025-09-15 10:42:09,904 - src.voice.voice_manager - INFO - Listening...
2025-09-15 10:42:13,665 - src.voice.voice_manager - INFO - Processing speech...
2025-09-15 10:42:15,149 - src.voice.voice_manager - WARNING - Could not understand audio
2025-09-15 10:42:17,295 - src.voice.voice_manager - INFO - Listening...
2025-09-15 10:42:22,921 - src.voice.voice_manager - INFO - Processing speech...
2025-09-15 10:42:23,992 - src.voice.voice_manager - INFO - Recognized: open document
2025-09-15 10:42:24,000 - src.nlp.intent_parser - INFO - Parsed command: {'intent': 'unknown', 'confidence': 0.0, 'parameters': {}, 'original_text': 'open document'}
2025-09-15 10:42:24,001 - src.executor.action_executor - INFO - Executing intent: unknown with params: {}
2025-09-15 10:42:26,132 - src.voice.voice_manager - INFO - Listening...
2025-09-15 10:42:30,155 - src.voice.voice_manager - INFO - Processing speech...
2025-09-15 10:42:31,132 - src.voice.voice_manager - INFO - Recognized: open do
2025-09-15 10:42:31,134 - src.nlp.intent_parser - INFO - Parsed command: {'intent': 'unknown', 'confidence': 0.0, 'parameters': {}, 'original_text': 'open do'}
2025-09-15 10:42:31,136 - src.executor.action_executor - INFO - Executing intent: unknown with params: {}
2025-09-15 10:42:33,285 - src.voice.voice_manager - INFO - Listening...
2025-09-15 10:42:35,709 - src.voice.voice_manager - INFO - Processing speech...
2025-09-15 10:42:36,308 - src.voice.voice_manager - WARNING - Could not understand audio
2025-09-15 10:42:38,475 - src.voice.voice_manager - INFO - Listening...
2025-09-15 10:42:41,109 - src.voice.voice_manager - INFO - Processing speech...
2025-09-15 10:42:41,847 - src.voice.voice_manager - INFO - Recognized: open Dark
2025-09-15 10:42:41,849 - src.nlp.intent_parser - INFO - Parsed command: {'intent': 'unknown', 'confidence': 0.0, 'parameters': {}, 'original_text': 'open dark'}
2025-09-15 10:42:41,851 - src.executor.action_executor - INFO - Executing intent: unknown with params: {}
2025-09-15 10:42:43,981 - src.voice.voice_manager - INFO - Listening...
2025-09-15 10:42:46,614 - src.voice.voice_manager - INFO - Processing speech...
2025-09-15 10:42:47,657 - src.voice.voice_manager - INFO - Recognized: open Chrome
2025-09-15 10:42:47,659 - src.nlp.intent_parser - INFO - Parsed command: {'intent': 'open_application', 'confidence': 0.8, 'parameters': {'application': 'chrome'}, 'original_text': 'open chrome'}
2025-09-15 10:42:47,661 - src.executor.action_executor - INFO - Executing intent: open_application with params: {'application': 'chrome'}
2025-09-15 10:42:49,791 - src.voice.voice_manager - INFO - Listening...
2025-09-15 10:42:52,166 - src.voice.voice_manager - INFO - Processing speech...
2025-09-15 10:42:53,483 - src.voice.voice_manager - INFO - Recognized: open do
2025-09-15 10:42:53,492 - src.nlp.intent_parser - INFO - Parsed command: {'intent': 'unknown', 'confidence': 0.0, 'parameters': {}, 'original_text': 'open do'}
2025-09-15 10:42:53,497 - src.executor.action_executor - INFO - Executing intent: unknown with params: {}
2025-09-15 10:42:55,627 - src.voice.voice_manager - INFO - Listening...
2025-09-15 10:42:59,688 - src.voice.voice_manager - INFO - Processing speech...
2025-09-15 10:43:00,768 - src.voice.voice_manager - INFO - Recognized: open picture.
2025-09-15 10:43:00,813 - src.nlp.intent_parser - INFO - Parsed command: {'intent': 'unknown', 'confidence': 0.0, 'parameters': {}, 'original_text': 'open picture.'}
2025-09-15 10:43:00,819 - src.executor.action_executor - INFO - Executing intent: unknown with params: {}
2025-09-15 10:43:02,956 - src.voice.voice_manager - INFO - Listening...
2025-09-15 10:43:06,120 - src.gui.main_window - INFO - Application closing
2025-09-15 10:56:36,571 - src.utils.config - INFO - Configuration loaded from C:\Users\CALEB ASSAN\Documents\assistant\config.json
2025-09-15 10:56:36,585 - src.nlp.model_handler - INFO - Pattern-based model handler initialized
2025-09-15 10:56:36,715 - comtypes.client._code_cache - INFO - Imported existing <module 'comtypes.gen' from 'C:\\Users\\CALEB ASSAN\\Documents\\assistant\\venv\\Lib\\site-packages\\comtypes\\gen\\__init__.py'>
2025-09-15 10:56:36,715 - comtypes.client._code_cache - INFO - Using writeable comtypes cache directory: 'C:\Users\CALEB ASSAN\Documents\assistant\venv\Lib\site-packages\comtypes\gen'
2025-09-15 10:56:36,925 - src.voice.voice_manager - INFO - Adjusting for ambient noise...
2025-09-15 10:56:38,102 - src.voice.voice_manager - INFO - Voice manager initialized
2025-09-15 10:56:38,642 - __main__ - INFO - Desktop AI Assistant with Voice started successfully
2025-09-15 10:56:45,616 - src.voice.voice_manager - INFO - Listening...
2025-09-15 10:56:48,089 - src.voice.voice_manager - INFO - Processing speech...
2025-09-15 10:56:49,180 - src.voice.voice_manager - WARNING - Could not understand audio
2025-09-15 10:56:51,344 - src.voice.voice_manager - INFO - Listening...
2025-09-15 10:56:53,299 - src.voice.voice_manager - INFO - Processing speech...
2025-09-15 10:56:54,036 - src.voice.voice_manager - WARNING - Could not understand audio
2025-09-15 10:56:56,173 - src.voice.voice_manager - INFO - Listening...
2025-09-15 10:56:59,197 - src.voice.voice_manager - INFO - Processing speech...
2025-09-15 10:57:00,375 - src.voice.voice_manager - INFO - Recognized: open Chrome and search Amazon
2025-09-15 10:57:00,378 - src.nlp.intent_parser - INFO - Parsed command: {'intent': 'open_application', 'confidence': 0.8, 'parameters': {'application': 'chrome'}, 'original_text': 'open chrome and search amazon'}
2025-09-15 10:57:00,381 - src.executor.action_executor - INFO - Executing intent: open_application with params: {'application': 'chrome'}
2025-09-15 10:57:02,517 - src.voice.voice_manager - INFO - Listening...
2025-09-15 10:57:06,752 - src.voice.voice_manager - INFO - Processing speech...
2025-09-15 10:57:07,601 - src.voice.voice_manager - INFO - Recognized: search amazon.com
2025-09-15 10:57:07,610 - src.nlp.intent_parser - INFO - Parsed command: {'intent': 'search_web', 'confidence': 0.6, 'parameters': {}, 'original_text': 'search amazon.com'}
2025-09-15 10:57:07,614 - src.executor.action_executor - INFO - Executing intent: search_web with params: {}
2025-09-15 10:57:09,750 - src.voice.voice_manager - INFO - Listening...
2025-09-15 10:57:14,354 - src.voice.voice_manager - INFO - Processing speech...
2025-09-15 10:57:15,765 - src.voice.voice_manager - INFO - Recognized: search Amazon
2025-09-15 10:57:15,767 - src.nlp.intent_parser - INFO - Parsed command: {'intent': 'search_web', 'confidence': 0.6, 'parameters': {}, 'original_text': 'search amazon'}
2025-09-15 10:57:15,769 - src.executor.action_executor - INFO - Executing intent: search_web with params: {}
2025-09-15 10:57:17,908 - src.voice.voice_manager - INFO - Listening...
2025-09-15 10:57:24,042 - src.voice.voice_manager - INFO - Processing speech...
2025-09-15 10:57:25,060 - src.voice.voice_manager - INFO - Recognized: open picture
2025-09-15 10:57:25,062 - src.nlp.intent_parser - INFO - Parsed command: {'intent': 'unknown', 'confidence': 0.0, 'parameters': {}, 'original_text': 'open picture'}
2025-09-15 10:57:25,063 - src.executor.action_executor - INFO - Executing intent: unknown with params: {}
2025-09-15 10:57:27,200 - src.voice.voice_manager - INFO - Listening...
2025-09-15 10:57:32,227 - src.voice.voice_manager - WARNING - Listening timeout
2025-09-15 10:57:34,375 - src.voice.voice_manager - INFO - Listening...
2025-09-15 10:57:39,418 - src.voice.voice_manager - WARNING - Listening timeout
2025-09-15 10:57:41,561 - src.voice.voice_manager - INFO - Listening...
2025-09-15 10:57:44,425 - src.voice.voice_manager - INFO - Processing speech...
2025-09-15 10:57:45,601 - src.voice.voice_manager - INFO - Recognized: open fire
2025-09-15 10:57:45,604 - src.nlp.intent_parser - INFO - Parsed command: {'intent': 'unknown', 'confidence': 0.0, 'parameters': {}, 'original_text': 'open fire'}
2025-09-15 10:57:45,605 - src.executor.action_executor - INFO - Executing intent: unknown with params: {}
2025-09-15 10:57:47,757 - src.voice.voice_manager - INFO - Listening...
2025-09-15 10:57:52,064 - src.voice.voice_manager - INFO - Processing speech...
2025-09-15 10:57:53,095 - src.voice.voice_manager - INFO - Recognized: open do
2025-09-15 10:57:53,099 - src.nlp.intent_parser - INFO - Parsed command: {'intent': 'unknown', 'confidence': 0.0, 'parameters': {}, 'original_text': 'open do'}
2025-09-15 10:57:53,101 - src.executor.action_executor - INFO - Executing intent: unknown with params: {}
2025-09-15 10:57:55,230 - src.voice.voice_manager - INFO - Listening...
2025-09-15 10:57:59,254 - src.voice.voice_manager - INFO - Processing speech...
2025-09-15 10:58:00,216 - src.voice.voice_manager - INFO - Recognized: open do
2025-09-15 10:58:00,218 - src.nlp.intent_parser - INFO - Parsed command: {'intent': 'unknown', 'confidence': 0.0, 'parameters': {}, 'original_text': 'open do'}
2025-09-15 10:58:00,220 - src.executor.action_executor - INFO - Executing intent: unknown with params: {}
2025-09-15 10:58:02,359 - src.voice.voice_manager - INFO - Listening...
2025-09-15 10:58:07,873 - src.voice.voice_manager - INFO - Processing speech...
2025-09-15 10:58:08,555 - src.voice.voice_manager - INFO - Recognized: open document
2025-09-15 10:58:08,557 - src.nlp.intent_parser - INFO - Parsed command: {'intent': 'unknown', 'confidence': 0.0, 'parameters': {}, 'original_text': 'open document'}
2025-09-15 10:58:08,559 - src.executor.action_executor - INFO - Executing intent: unknown with params: {}
2025-09-15 10:58:10,692 - src.voice.voice_manager - INFO - Listening...
2025-09-15 10:58:14,958 - src.gui.main_window - INFO - Application closing
2025-09-15 10:58:46,063 - src.utils.config - INFO - Configuration loaded from C:\Users\CALEB ASSAN\Documents\assistant\config.json
2025-09-15 10:58:46,076 - src.nlp.model_handler - INFO - Pattern-based model handler initialized
2025-09-15 10:58:46,220 - comtypes.client._code_cache - INFO - Imported existing <module 'comtypes.gen' from 'C:\\Users\\CALEB ASSAN\\Documents\\assistant\\venv\\Lib\\site-packages\\comtypes\\gen\\__init__.py'>
2025-09-15 10:58:46,221 - comtypes.client._code_cache - INFO - Using writeable comtypes cache directory: 'C:\Users\CALEB ASSAN\Documents\assistant\venv\Lib\site-packages\comtypes\gen'
2025-09-15 10:58:46,429 - src.voice.voice_manager - INFO - Adjusting for ambient noise...
2025-09-15 10:58:47,612 - src.voice.voice_manager - INFO - Voice manager initialized
2025-09-15 10:58:48,140 - __main__ - INFO - Desktop AI Assistant with Voice started successfully
2025-09-15 10:58:49,997 - src.voice.voice_manager - INFO - Listening...
2025-09-15 10:58:52,440 - src.voice.voice_manager - INFO - Processing speech...
2025-09-15 10:58:53,216 - src.voice.voice_manager - WARNING - Could not understand audio
2025-09-15 10:58:55,353 - src.voice.voice_manager - INFO - Listening...
2025-09-15 10:58:58,956 - src.voice.voice_manager - INFO - Processing speech...
2025-09-15 10:59:00,030 - src.voice.voice_manager - INFO - Recognized: take screenshot
2025-09-15 10:59:00,037 - src.nlp.intent_parser - INFO - Parsed command: {'intent': 'take_screenshot', 'confidence': 0.8, 'parameters': {}, 'original_text': 'take screenshot'}
2025-09-15 10:59:00,039 - src.executor.action_executor - INFO - Executing intent: take_screenshot with params: {}
2025-09-15 10:59:02,187 - src.voice.voice_manager - INFO - Listening...
2025-09-15 10:59:07,211 - src.voice.voice_manager - WARNING - Listening timeout
2025-09-15 10:59:09,358 - src.voice.voice_manager - INFO - Listening...
2025-09-15 10:59:10,572 - src.voice.voice_manager - INFO - Processing speech...
2025-09-15 10:59:11,494 - src.voice.voice_manager - WARNING - Could not understand audio
2025-09-15 10:59:13,638 - src.voice.voice_manager - INFO - Listening...
2025-09-15 10:59:18,666 - src.voice.voice_manager - WARNING - Listening timeout
2025-09-15 11:08:10,477 - src.utils.config - INFO - Configuration loaded from C:\Users\CALEB ASSAN\Documents\assistant\config.json
2025-09-15 11:08:10,495 - src.nlp.model_handler - INFO - Pattern-based model handler initialized
2025-09-15 11:08:10,640 - comtypes.client._code_cache - INFO - Imported existing <module 'comtypes.gen' from 'C:\\Users\\CALEB ASSAN\\Documents\\assistant\\venv\\Lib\\site-packages\\comtypes\\gen\\__init__.py'>
2025-09-15 11:08:10,640 - comtypes.client._code_cache - INFO - Using writeable comtypes cache directory: 'C:\Users\CALEB ASSAN\Documents\assistant\venv\Lib\site-packages\comtypes\gen'
2025-09-15 11:08:10,859 - src.voice.voice_manager - INFO - Adjusting for ambient noise...
2025-09-15 11:08:12,046 - src.voice.voice_manager - INFO - Voice manager initialized
2025-09-15 11:08:12,931 - __main__ - INFO - Desktop AI Assistant with Voice started successfully
2025-09-15 11:08:15,757 - src.voice.voice_manager - INFO - Listening...
2025-09-15 11:08:19,339 - src.voice.voice_manager - INFO - Processing speech...
2025-09-15 11:08:20,391 - src.voice.voice_manager - INFO - Recognized: open do
2025-09-15 11:08:20,394 - src.nlp.intent_parser - INFO - Parsed command: {'intent': 'open_application', 'confidence': 0.8, 'parameters': {'application': 'do'}, 'original_text': 'open do'}
2025-09-15 11:08:20,395 - src.executor.action_executor - INFO - Executing intent: open_application with params: {'application': 'do'}
2025-09-15 11:08:22,525 - src.voice.voice_manager - INFO - Listening...
2025-09-15 11:08:25,989 - src.voice.voice_manager - INFO - Processing speech...
2025-09-15 11:08:27,097 - src.voice.voice_manager - INFO - Recognized: open document
2025-09-15 11:08:27,100 - src.nlp.intent_parser - INFO - Parsed command: {'intent': 'open_application', 'confidence': 0.8, 'parameters': {'application': 'document'}, 'original_text': 'open document'}
2025-09-15 11:08:27,101 - src.executor.action_executor - INFO - Executing intent: open_application with params: {'application': 'document'}
2025-09-15 11:08:29,246 - src.voice.voice_manager - INFO - Listening...
2025-09-15 11:08:31,550 - src.voice.voice_manager - INFO - Processing speech...
2025-09-15 11:08:32,285 - src.voice.voice_manager - INFO - Recognized: open do
2025-09-15 11:08:32,354 - src.nlp.intent_parser - INFO - Parsed command: {'intent': 'open_application', 'confidence': 0.8, 'parameters': {'application': 'do'}, 'original_text': 'open do'}
2025-09-15 11:08:32,355 - src.executor.action_executor - INFO - Executing intent: open_application with params: {'application': 'do'}
2025-09-15 11:08:34,514 - src.voice.voice_manager - INFO - Listening...
2025-09-15 11:08:36,677 - src.voice.voice_manager - INFO - Processing speech...
2025-09-15 11:08:41,480 - src.voice.voice_manager - INFO - Recognized: open Chrome
2025-09-15 11:08:41,482 - src.nlp.intent_parser - INFO - Parsed command: {'intent': 'open_application', 'confidence': 0.8, 'parameters': {'application': 'chrome'}, 'original_text': 'open chrome'}
2025-09-15 11:08:41,484 - src.executor.action_executor - INFO - Executing intent: open_application with params: {'application': 'chrome'}
2025-09-15 11:08:43,631 - src.voice.voice_manager - INFO - Listening...
2025-09-15 11:08:48,285 - src.voice.voice_manager - INFO - Processing speech...
2025-09-15 11:08:49,064 - src.voice.voice_manager - INFO - Recognized: open document
2025-09-15 11:08:49,066 - src.nlp.intent_parser - INFO - Parsed command: {'intent': 'open_application', 'confidence': 0.8, 'parameters': {'application': 'document'}, 'original_text': 'open document'}
2025-09-15 11:08:49,069 - src.executor.action_executor - INFO - Executing intent: open_application with params: {'application': 'document'}
2025-09-15 11:08:51,213 - src.voice.voice_manager - INFO - Listening...
2025-09-15 11:08:56,238 - src.voice.voice_manager - WARNING - Listening timeout
2025-09-15 11:08:58,384 - src.voice.voice_manager - INFO - Listening...
2025-09-15 11:09:00,618 - src.voice.voice_manager - INFO - Processing speech...
2025-09-15 11:09:01,812 - src.voice.voice_manager - INFO - Recognized: open picture
2025-09-15 11:09:01,816 - src.nlp.intent_parser - INFO - Parsed command: {'intent': 'open_application', 'confidence': 0.8, 'parameters': {'application': 'picture'}, 'original_text': 'open picture'}
2025-09-15 11:09:01,818 - src.executor.action_executor - INFO - Executing intent: open_application with params: {'application': 'picture'}
2025-09-15 11:09:03,955 - src.voice.voice_manager - INFO - Listening...
2025-09-15 11:09:08,472 - src.voice.voice_manager - INFO - Processing speech...
2025-09-15 11:09:09,084 - src.voice.voice_manager - WARNING - Could not understand audio
2025-09-15 11:09:11,225 - src.voice.voice_manager - INFO - Listening...
2025-09-15 11:09:16,773 - src.voice.voice_manager - WARNING - Listening timeout
2025-09-15 11:09:27,801 - src.nlp.intent_parser - INFO - Parsed command: {'intent': 'open_application', 'confidence': 0.8, 'parameters': {'application': 'documents'}, 'original_text': 'open documents'}
2025-09-15 11:09:27,803 - src.executor.action_executor - INFO - Executing intent: open_application with params: {'application': 'documents'}
2025-09-15 11:21:57,303 - src.nlp.model_handler - INFO - Pattern-based model handler initialized
2025-09-15 11:21:57,443 - comtypes.client._code_cache - INFO - Imported existing <module 'comtypes.gen' from 'C:\\Users\\CALEB ASSAN\\Documents\\assistant\\venv\\Lib\\site-packages\\comtypes\\gen\\__init__.py'>
2025-09-15 11:21:57,444 - comtypes.client._code_cache - INFO - Using writeable comtypes cache directory: 'C:\Users\CALEB ASSAN\Documents\assistant\venv\Lib\site-packages\comtypes\gen'
2025-09-15 11:21:57,642 - src.voice.voice_manager - INFO - Adjusting for ambient noise...
2025-09-15 11:21:58,829 - src.voice.voice_manager - INFO - Voice manager initialized
2025-09-15 11:21:59,360 - __main__ - INFO - Desktop AI Assistant with Voice started successfully
2025-09-15 11:22:01,108 - src.voice.voice_manager - INFO - Listening...
2025-09-15 11:22:03,537 - src.voice.voice_manager - INFO - Processing speech...
2025-09-15 11:22:04,315 - src.voice.voice_manager - WARNING - Could not understand audio
2025-09-15 11:22:06,452 - src.voice.voice_manager - INFO - Listening...
2025-09-15 11:22:10,265 - src.voice.voice_manager - INFO - Processing speech...
2025-09-15 11:22:11,155 - src.voice.voice_manager - INFO - Recognized: open Dark
2025-09-15 11:22:11,158 - src.nlp.intent_parser - INFO - Parsed command: {'intent': 'open_application', 'confidence': 0.8, 'parameters': {'application': 'dark'}, 'original_text': 'open dark'}
2025-09-15 11:22:11,159 - src.executor.action_executor - INFO - Executing intent: open_application with params: {'application': 'dark'}
2025-09-15 11:22:13,291 - src.voice.voice_manager - INFO - Listening...
2025-09-15 11:22:16,405 - src.voice.voice_manager - INFO - Processing speech...
2025-09-15 11:22:17,454 - src.voice.voice_manager - INFO - Recognized: open document
2025-09-15 11:22:17,456 - src.nlp.intent_parser - INFO - Parsed command: {'intent': 'open_application', 'confidence': 0.8, 'parameters': {'application': 'document'}, 'original_text': 'open document'}
2025-09-15 11:22:17,458 - src.executor.action_executor - INFO - Executing intent: open_application with params: {'application': 'document'}
2025-09-15 11:22:19,594 - src.voice.voice_manager - INFO - Listening...
2025-09-15 11:22:21,640 - src.voice.voice_manager - ERROR - Unexpected error in listen: This audio source is already inside a context manager
2025-09-15 11:22:24,218 - src.voice.voice_manager - INFO - Processing speech...
2025-09-15 11:22:24,861 - src.voice.voice_manager - INFO - Recognized: open Dark
2025-09-15 11:22:24,863 - src.nlp.intent_parser - INFO - Parsed command: {'intent': 'open_application', 'confidence': 0.8, 'parameters': {'application': 'dark'}, 'original_text': 'open dark'}
2025-09-15 11:22:24,865 - src.executor.action_executor - INFO - Executing intent: open_application with params: {'application': 'dark'}
2025-09-15 11:22:27,007 - src.voice.voice_manager - INFO - Listening...
2025-09-15 11:22:29,641 - src.voice.voice_manager - INFO - Processing speech...
2025-09-15 11:22:30,331 - src.voice.voice_manager - INFO - Recognized: open Dark
2025-09-15 11:22:30,333 - src.nlp.intent_parser - INFO - Parsed command: {'intent': 'open_application', 'confidence': 0.8, 'parameters': {'application': 'dark'}, 'original_text': 'open dark'}
2025-09-15 11:22:30,335 - src.executor.action_executor - INFO - Executing intent: open_application with params: {'application': 'dark'}
2025-09-15 11:22:32,481 - src.voice.voice_manager - INFO - Listening...
2025-09-15 11:22:38,156 - src.voice.voice_manager - INFO - Processing speech...
2025-09-15 11:22:39,155 - src.voice.voice_manager - INFO - Recognized: open picture
2025-09-15 11:22:39,158 - src.nlp.intent_parser - INFO - Parsed command: {'intent': 'open_application', 'confidence': 0.8, 'parameters': {'application': 'picture'}, 'original_text': 'open picture'}
2025-09-15 11:22:39,159 - src.executor.action_executor - INFO - Executing intent: open_application with params: {'application': 'picture'}
2025-09-15 11:22:41,296 - src.voice.voice_manager - INFO - Listening...
2025-09-15 11:22:42,860 - src.voice.voice_manager - INFO - Processing speech...
2025-09-15 11:22:43,636 - src.voice.voice_manager - INFO - Recognized: open document
2025-09-15 11:22:43,639 - src.nlp.intent_parser - INFO - Parsed command: {'intent': 'open_application', 'confidence': 0.8, 'parameters': {'application': 'document'}, 'original_text': 'open document'}
2025-09-15 11:22:43,641 - src.executor.action_executor - INFO - Executing intent: open_application with params: {'application': 'document'}
2025-09-15 11:22:45,775 - src.voice.voice_manager - INFO - Listening...
2025-09-15 11:22:47,499 - src.voice.voice_manager - INFO - Processing speech...
2025-09-15 11:22:48,773 - src.voice.voice_manager - INFO - Recognized: open document
2025-09-15 11:22:48,800 - src.nlp.intent_parser - INFO - Parsed command: {'intent': 'open_application', 'confidence': 0.8, 'parameters': {'application': 'document'}, 'original_text': 'open document'}
2025-09-15 11:22:48,801 - src.executor.action_executor - INFO - Executing intent: open_application with params: {'application': 'document'}
2025-09-15 11:22:50,942 - src.voice.voice_manager - INFO - Listening...
2025-09-15 11:22:57,358 - src.voice.voice_manager - INFO - Processing speech...
2025-09-15 11:22:58,171 - src.voice.voice_manager - INFO - Recognized: open document
2025-09-15 11:22:58,173 - src.nlp.intent_parser - INFO - Parsed command: {'intent': 'open_application', 'confidence': 0.8, 'parameters': {'application': 'document'}, 'original_text': 'open document'}
2025-09-15 11:22:58,175 - src.executor.action_executor - INFO - Executing intent: open_application with params: {'application': 'document'}
2025-09-15 11:23:01,710 - src.voice.voice_manager - INFO - Listening...
2025-09-15 11:23:06,803 - src.voice.voice_manager - WARNING - Listening timeout
2025-09-15 11:23:08,982 - src.voice.voice_manager - INFO - Listening...
2025-09-15 11:23:14,007 - src.voice.voice_manager - WARNING - Listening timeout
2025-09-15 11:23:14,160 - src.gui.main_window - INFO - Application closing
2025-09-15 11:38:28,447 - src.nlp.model_handler - INFO - Pattern-based model handler initialized
2025-09-15 11:38:28,654 - comtypes.client._code_cache - INFO - Imported existing <module 'comtypes.gen' from 'C:\\Users\\CALEB ASSAN\\Documents\\assistant\\venv\\Lib\\site-packages\\comtypes\\gen\\__init__.py'>
2025-09-15 11:38:28,655 - comtypes.client._code_cache - INFO - Using writeable comtypes cache directory: 'C:\Users\CALEB ASSAN\Documents\assistant\venv\Lib\site-packages\comtypes\gen'
2025-09-15 11:38:28,871 - src.voice.voice_manager - INFO - Adjusting for ambient noise...
2025-09-15 11:38:30,183 - src.voice.voice_manager - INFO - Voice manager initialized
2025-09-15 11:38:30,764 - __main__ - INFO - Desktop AI Assistant with Voice started successfully
2025-09-15 11:38:33,975 - src.voice.voice_manager - INFO - Listening...
2025-09-15 11:38:38,638 - src.voice.voice_manager - INFO - Processing speech...
2025-09-15 11:38:39,642 - src.voice.voice_manager - WARNING - Could not understand audio
2025-09-15 11:38:41,792 - src.voice.voice_manager - INFO - Listening...
2025-09-15 11:38:44,885 - src.voice.voice_manager - INFO - Processing speech...
2025-09-15 11:38:46,034 - src.voice.voice_manager - INFO - Recognized: open document
2025-09-15 11:38:46,041 - src.nlp.intent_parser - INFO - Parsed command: {'intent': 'open_application', 'confidence': 0.8, 'parameters': {'application': 'document'}, 'original_text': 'open document'}
2025-09-15 11:38:46,045 - src.executor.action_executor - INFO - Executing intent: open_application with params: {'application': 'document'}
2025-09-15 11:38:48,190 - src.voice.voice_manager - INFO - Listening...
2025-09-15 11:38:51,404 - src.voice.voice_manager - INFO - Processing speech...
2025-09-15 11:38:52,568 - src.voice.voice_manager - INFO - Recognized: open document
2025-09-15 11:38:52,571 - src.nlp.intent_parser - INFO - Parsed command: {'intent': 'open_application', 'confidence': 0.8, 'parameters': {'application': 'document'}, 'original_text': 'open document'}
2025-09-15 11:38:52,575 - src.executor.action_executor - INFO - Executing intent: open_application with params: {'application': 'document'}
2025-09-15 11:38:54,717 - src.voice.voice_manager - INFO - Listening...
2025-09-15 11:38:58,950 - src.voice.voice_manager - INFO - Processing speech...
2025-09-15 11:39:00,075 - src.voice.voice_manager - INFO - Recognized: open calculator
2025-09-15 11:39:00,078 - src.nlp.intent_parser - INFO - Parsed command: {'intent': 'open_application', 'confidence': 0.8, 'parameters': {'application': 'calculator'}, 'original_text': 'open calculator'}
2025-09-15 11:39:00,079 - src.executor.action_executor - INFO - Executing intent: open_application with params: {'application': 'calculator'}
2025-09-15 11:39:02,224 - src.voice.voice_manager - INFO - Listening...
2025-09-15 11:39:07,248 - src.voice.voice_manager - WARNING - Listening timeout
2025-09-15 11:39:09,422 - src.voice.voice_manager - INFO - Listening...
2025-09-15 11:39:15,095 - src.voice.voice_manager - INFO - Processing speech...
2025-09-15 11:39:16,201 - src.voice.voice_manager - INFO - Recognized: open Notepad
2025-09-15 11:39:16,204 - src.nlp.intent_parser - INFO - Parsed command: {'intent': 'open_application', 'confidence': 0.8, 'parameters': {'application': 'notepad'}, 'original_text': 'open notepad'}
2025-09-15 11:39:16,205 - src.executor.action_executor - INFO - Executing intent: open_application with params: {'application': 'notepad'}
2025-09-15 11:39:18,428 - src.voice.voice_manager - INFO - Listening...
2025-09-15 11:39:23,472 - src.voice.voice_manager - WARNING - Listening timeout
2025-09-15 11:39:25,617 - src.voice.voice_manager - INFO - Listening...
2025-09-15 11:39:30,341 - src.voice.voice_manager - INFO - Processing speech...
2025-09-15 11:39:31,653 - src.voice.voice_manager - INFO - Recognized: open obsidian
2025-09-15 11:39:31,655 - src.nlp.intent_parser - INFO - Parsed command: {'intent': 'open_application', 'confidence': 0.8, 'parameters': {'application': 'obsidian'}, 'original_text': 'open obsidian'}
2025-09-15 11:39:31,657 - src.executor.action_executor - INFO - Executing intent: open_application with params: {'application': 'obsidian'}
2025-09-15 11:39:33,805 - src.voice.voice_manager - INFO - Listening...
2025-09-15 11:39:38,830 - src.voice.voice_manager - WARNING - Listening timeout
2025-09-15 11:39:40,986 - src.voice.voice_manager - INFO - Listening...
2025-09-15 11:39:45,850 - src.voice.voice_manager - INFO - Processing speech...
2025-09-15 11:39:47,214 - src.voice.voice_manager - INFO - Recognized: open power
2025-09-15 11:39:47,217 - src.nlp.intent_parser - INFO - Parsed command: {'intent': 'open_application', 'confidence': 0.8, 'parameters': {'application': 'power'}, 'original_text': 'open power'}
2025-09-15 11:39:47,219 - src.executor.action_executor - INFO - Executing intent: open_application with params: {'application': 'power'}
2025-09-15 11:39:49,371 - src.voice.voice_manager - INFO - Listening...
2025-09-15 11:39:50,747 - src.voice.voice_manager - INFO - Processing speech...
2025-09-15 11:39:51,321 - src.voice.voice_manager - WARNING - Could not understand audio
2025-09-15 11:39:53,472 - src.voice.voice_manager - INFO - Listening...
2025-09-15 11:39:55,565 - src.voice.voice_manager - INFO - Processing speech...
2025-09-15 11:40:04,423 - src.voice.voice_manager - INFO - Recognized: 1447
2025-09-15 11:40:04,432 - src.nlp.intent_parser - INFO - Parsed command: {'intent': 'unknown', 'confidence': 0.0, 'parameters': {}, 'original_text': '1447'}
2025-09-15 11:40:04,433 - src.executor.action_executor - INFO - Executing intent: unknown with params: {}
2025-09-15 11:40:06,568 - src.voice.voice_manager - INFO - Listening...
2025-09-15 11:40:10,015 - src.voice.voice_manager - INFO - Processing speech...
2025-09-15 11:40:11,372 - src.voice.voice_manager - INFO - Recognized: open cm
2025-09-15 11:40:11,374 - src.nlp.intent_parser - INFO - Parsed command: {'intent': 'open_application', 'confidence': 0.8, 'parameters': {'application': 'cm'}, 'original_text': 'open cm'}
2025-09-15 11:40:11,375 - src.executor.action_executor - INFO - Executing intent: open_application with params: {'application': 'cm'}
2025-09-15 11:40:13,524 - src.voice.voice_manager - INFO - Listening...
2025-09-15 11:40:19,218 - src.voice.voice_manager - INFO - Processing speech...
2025-09-15 11:40:20,597 - src.voice.voice_manager - INFO - Recognized: open p
2025-09-15 11:40:20,600 - src.nlp.intent_parser - INFO - Parsed command: {'intent': 'open_application', 'confidence': 0.8, 'parameters': {'application': 'p'}, 'original_text': 'open p'}
2025-09-15 11:40:20,602 - src.executor.action_executor - INFO - Executing intent: open_application with params: {'application': 'p'}
2025-09-15 11:40:22,811 - src.voice.voice_manager - INFO - Listening...
2025-09-15 11:40:28,208 - src.voice.voice_manager - WARNING - Listening timeout
2025-09-15 11:40:30,360 - src.voice.voice_manager - INFO - Listening...
2025-09-15 11:40:35,387 - src.voice.voice_manager - WARNING - Listening timeout
2025-09-15 11:40:37,548 - src.voice.voice_manager - INFO - Listening...
2025-09-15 11:40:40,738 - src.voice.voice_manager - INFO - Processing speech...
2025-09-15 11:40:41,835 - src.voice.voice_manager - INFO - Recognized: open cm
2025-09-15 11:40:41,838 - src.nlp.intent_parser - INFO - Parsed command: {'intent': 'open_application', 'confidence': 0.8, 'parameters': {'application': 'cm'}, 'original_text': 'open cm'}
2025-09-15 11:40:41,839 - src.executor.action_executor - INFO - Executing intent: open_application with params: {'application': 'cm'}
2025-09-15 11:40:43,979 - src.voice.voice_manager - INFO - Listening...
2025-09-15 11:40:49,002 - src.voice.voice_manager - WARNING - Listening timeout
2025-09-15 11:40:51,000 - src.nlp.intent_parser - INFO - Parsed command: {'intent': 'open_application', 'confidence': 0.8, 'parameters': {'application': 'cmd'}, 'original_text': 'open cmd'}
2025-09-15 11:40:51,001 - src.executor.action_executor - INFO - Executing intent: open_application with params: {'application': 'cmd'}
2025-09-15 11:40:51,191 - src.voice.voice_manager - INFO - Listening...
2025-09-15 11:40:56,234 - src.voice.voice_manager - WARNING - Listening timeout
2025-09-15 11:40:58,382 - src.voice.voice_manager - INFO - Listening...
2025-09-15 11:41:02,758 - src.voice.voice_manager - INFO - Processing speech...
2025-09-15 11:41:08,247 - src.voice.voice_manager - WARNING - Could not understand audio
2025-09-15 11:41:09,015 - src.nlp.intent_parser - INFO - Parsed command: {'intent': 'open_application', 'confidence': 0.8, 'parameters': {'application': 'powershell'}, 'original_text': 'open powershell'}
2025-09-15 11:41:09,018 - src.executor.action_executor - INFO - Executing intent: open_application with params: {'application': 'powershell'}
2025-09-15 11:41:10,410 - src.voice.voice_manager - INFO - Listening...
2025-09-15 11:41:15,437 - src.voice.voice_manager - WARNING - Listening timeout
2025-09-15 11:41:17,595 - src.voice.voice_manager - INFO - Listening...
2025-09-15 11:41:23,341 - src.voice.voice_manager - INFO - Processing speech...
2025-09-15 11:41:24,275 - src.voice.voice_manager - WARNING - Could not understand audio
2025-09-15 11:41:26,423 - src.voice.voice_manager - INFO - Listening...
2025-09-15 11:41:30,097 - src.voice.voice_manager - INFO - Processing speech...
2025-09-15 11:41:31,197 - src.voice.voice_manager - INFO - Recognized: open picture Dark
2025-09-15 11:41:31,200 - src.nlp.intent_parser - INFO - Parsed command: {'intent': 'open_application', 'confidence': 0.8, 'parameters': {'application': 'picture dark'}, 'original_text': 'open picture dark'}
2025-09-15 11:41:31,201 - src.executor.action_executor - INFO - Executing intent: open_application with params: {'application': 'picture dark'}
2025-09-15 11:41:33,350 - src.voice.voice_manager - INFO - Listening...
2025-09-15 11:41:35,054 - src.voice.voice_manager - INFO - Processing speech...
2025-09-15 11:41:36,275 - src.voice.voice_manager - WARNING - Could not understand audio
2025-09-15 11:41:38,434 - src.voice.voice_manager - INFO - Listening...
2025-09-15 11:41:40,279 - src.voice.voice_manager - INFO - Processing speech...
2025-09-15 11:41:41,225 - src.voice.voice_manager - INFO - Recognized: open picture document
2025-09-15 11:41:41,228 - src.nlp.intent_parser - INFO - Parsed command: {'intent': 'open_application', 'confidence': 0.8, 'parameters': {'application': 'picture document'}, 'original_text': 'open picture document'}
2025-09-15 11:41:41,229 - src.executor.action_executor - INFO - Executing intent: open_application with params: {'application': 'picture document'}
2025-09-15 11:41:43,384 - src.voice.voice_manager - INFO - Listening...
2025-09-15 11:41:48,419 - src.voice.voice_manager - WARNING - Listening timeout
2025-09-15 11:41:50,580 - src.voice.voice_manager - INFO - Listening...
2025-09-15 11:41:55,610 - src.voice.voice_manager - WARNING - Listening timeout
2025-09-15 11:41:57,774 - src.voice.voice_manager - INFO - Listening...
2025-09-15 11:42:02,810 - src.voice.voice_manager - WARNING - Listening timeout
2025-09-15 11:42:09,207 - src.gui.main_window - INFO - Application closing
2025-09-15 11:44:44,002 - src.nlp.model_handler - INFO - Pattern-based model handler initialized
2025-09-15 11:44:44,145 - comtypes.client._code_cache - INFO - Imported existing <module 'comtypes.gen' from 'C:\\Users\\CALEB ASSAN\\Documents\\assistant\\venv\\Lib\\site-packages\\comtypes\\gen\\__init__.py'>
2025-09-15 11:44:44,147 - comtypes.client._code_cache - INFO - Using writeable comtypes cache directory: 'C:\Users\CALEB ASSAN\Documents\assistant\venv\Lib\site-packages\comtypes\gen'
2025-09-15 11:44:44,357 - src.voice.voice_manager - INFO - Adjusting for ambient noise...
2025-09-15 11:44:45,564 - src.voice.voice_manager - INFO - Voice manager initialized
2025-09-15 11:44:46,134 - __main__ - INFO - Desktop AI Assistant with Voice started successfully
2025-09-15 11:44:50,116 - src.voice.voice_manager - INFO - Listening...
2025-09-15 11:44:52,554 - src.voice.voice_manager - INFO - Processing speech...
2025-09-15 11:44:53,483 - src.voice.voice_manager - WARNING - Could not understand audio
2025-09-15 11:44:55,638 - src.voice.voice_manager - INFO - Listening...
2025-09-15 11:45:00,521 - src.voice.voice_manager - INFO - Processing speech...
2025-09-15 11:45:01,666 - src.voice.voice_manager - INFO - Recognized: open document
2025-09-15 11:45:01,673 - src.nlp.intent_parser - INFO - Parsed command: {'intent': 'open_folder', 'confidence': 0.8, 'parameters': {'folder': 'documents'}, 'original_text': 'open document'}
2025-09-15 11:45:01,674 - src.executor.action_executor - INFO - Executing intent: open_folder with params: {'folder': 'documents'}
2025-09-15 11:45:03,900 - src.voice.voice_manager - INFO - Listening...
2025-09-15 11:45:08,938 - src.voice.voice_manager - WARNING - Listening timeout
2025-09-15 11:45:11,083 - src.voice.voice_manager - INFO - Listening...
2025-09-15 11:45:11,154 - src.gui.main_window - INFO - Application closing
